query= Buckingham
Buckingham --> 3 records deleted
query= Yarraville
Yarraville --> 1 records deleted
query= Parkville
Parkville --> 2 records deleted
query= Glenroy
Glenroy --> 5 records deleted
query= Ascot
Ascot --> 5 records deleted
query= Buckingham
Buckingham --> NOT FOUND
query= Buckingham
Buckingham --> NOT FOUND
query= Buckingham
Buckingham --> NOT FOUND
query= Grand Land
Grand Land --> NOT FOUND
query= Kensington Gardens
Kensington Gardens --> 1 records deleted
query= Carlton
Carlton --> 3 records deleted
query= Cedar
Cedar --> NOT FOUND
query= Dream-Land
Dream-Land --> NOT FOUND
query= Melbourne Airport
Melbourne Airport --> 1 records deleted
query= Red Hill
Red Hill --> 8 records deleted
query= Hope & Dream
Hope & Dream --> NOT FOUND
query= Greenlands
Greenlands --> 3 records deleted
query= South Windsor
South Windsor --> 1 records deleted
query= East Melbourne
East Melbourne --> 1 records deleted
query= XX + YY = ZZ
XX + YY = ZZ --> NOT FOUND
query= Melbourne
Melbourne --> 1 records deleted
query= Mount Richmond
Mount Richmond --> 1 records deleted
query= Buckingham
Buckingham --> NOT FOUND
query= Richmond
Richmond --> 6 records deleted
query= Back Creek
Back Creek --> 6 records deleted
Summary: 25 deleted operations performed, 48 records deleted in total
